<?xml version="1.0" encoding="UTF-8"?>
<!-- Generated by org.testng.reporters.JUnitReportReporter -->
<testsuite skipped="0" hostname="INLT1716" name="com.restapi.tests.GetAPITest" tests="1" failures="0" timestamp="19 Feb 2021 16:59:48 GMT" time="1.529" errors="0">
  <testcase name="getTest" time="1.529" classname="com.restapi.tests.GetAPITest"/>
</testsuite> <!-- com.restapi.tests.GetAPITest -->
